Start testing: Dec 02 20:03 EET
----------------------------------------------------------
1/23 Testing: selfteststring
1/23 Test: selfteststring
Command: "/home/andrei/Desktop/libdwarf-0.5.0/test/selfteststring"
Directory: /home/andrei/Desktop/libdwarf-0.5.0/test
"selfteststring" start time: Dec 02 20:03 EET
Output:
----------------------------------------------------------
PASS got "" line 100
PASS got "
abc
<DWARFSTRINGERR: no percent passed to dwarfstring_append_printf_i>" line 109
PASS got "x1234567890aaaaabbbbbb0123y" line 115
PASS got "
abc54
" line 121
PASS got "
abc54
" line 127
PASS got "
abc-54
" line 135
PASS got "
abc<DWARFSTRINGERR: format %x or %X passed to dwarfstring_append_printf_i>" line 144
PASS got "
abcffffffffffffffca
" line 150
PASS got "
abc 0xffffffffffffffca
" line 156
PASS got "abc" line 170
PASS got "xy" line 178
PASS got "aaaaaaaaaaaaaaaaaaaaaaaaaaaaaabbbbbbbbbbbbbbbbbbbbbbbbbbbbbbccccccbbbbbbbbbbbbbbbbbbbbbcccccccccbbbbbbbbbbbbbbbbbbbbbcccccccccbbbbbbbbbbbbbbbbbbbbbcccccccccbbbbbyyyybbbbbbbbbbbbccc" line 186
PASS got "" line 216
PASS got "abc" line 221
PASS got "abcxy" line 226
PASS got "aaaaaaaaaaaaaaaaaaaaaaaaaaaaaabbbbbbbbbbbbbbbbbbbbbbbbbbbbbbccccccbbbbbbbbbbbbbbbbbbbbbcccccccccbbbbbbbbbbbbbbbbbbbbbcccccccccbbbbbbbbbbbbbbbbbbbbbcccccccccbbbbbyyyybbbbbbbbbbbbccc" line 234
PASS got "" line 254
PASS got "a012345" line 259
PASS got "a012345xy" line 269
PASS got "" line 288
PASS got "a01234" line 292
PASS got "a01234xyz" line 302
PASS got "initialstring-a01234-finalstring" line 329
PASS got "initialstring--0x654a-finalstring" line 337
PASS got "initialstring: -55 (0xffffffffffffffc9) -finalstring" line 347
PASS got "smallhex (0x0000654a) -finalstring" line 355
PASS got "longlead (00000020) -end" line 363
PASS got "" line 378
PASS got "<DWARFSTRINGERR: null string pointer to dwarfstring_append_printf_s>" line 386
PASS got "<DWARFSTRINGERR: null format pointer to dwarfstring_append_printf_s>" line 394
PASS got "<DWARFSTRINGERR: null format pointer to dwarfstring_append_printf_u>" line 402
PASS got "<DWARFSTRINGERR: null format pointer to dwarfstring_append_printf_i>" line 410
PASS got "<DWARFSTRINGERR: format percent s passed to dwarfstring_append_printf_i>" line 418
PASS got "<DWARFSTRINGERR: format %x or %X passed to dwarfstring_append_printf_i>" line 426
PASS got "<DWARFSTRINGERR: format %x or %X passed to dwarfstring_append_printf_i>" line 434
PASS got "<DWARFSTRINGERR: format has too many percent x/d/u/l passed to dwarfstring_append_printf_i>" line 442
PASS got "<DWARFSTRINGERR: format disallowed. +- passed to dwarfstring_append_printf_i>" line 451
PASS got "<DWARFSTRINGERR: null format pointer to dwarfstring_append_printf_u>" line 459
PASS got "aa<DWARFSTRINGERR: format - passed to dwarfstring_append_printf_u cannot be handled>" line 467
PASS got "aa<DWARFSTRINGERR: format percent-s passed to dwarfstring_append_printf_u cannot be handled>" line 475
PASS got "aa<DWARFSTRINGERR: format  percent -x X d u repeats to dwarfstring_append_printf_u cannot be handled>" line 483
PASS got "aa<DWARFSTRINGERR: format percent lll to dwarfstring_append_printf_u cannot be handled>" line 491
PASS got "aa<DWARFSTRINGERR: format  percent-d to dwarfstring_append_printf_u cannot be handled>" line 499
<end of output>
Test time =   0.00 sec
----------------------------------------------------------
Test Passed.
"selfteststring" end time: Dec 02 20:03 EET
"selfteststring" time elapsed: 00:00:00
----------------------------------------------------------

2/23 Testing: selftestextrastring
2/23 Test: selftestextrastring
Command: "/home/andrei/Desktop/libdwarf-0.5.0/test/selftestextrastring"
Directory: /home/andrei/Desktop/libdwarf-0.5.0/test
"selftestextrastring" start time: Dec 02 20:03 EET
Output:
----------------------------------------------------------
ERROR due to  trailing spaces before = in " =-1", line 231 /home/andrei/Desktop/libdwarf-0.5.0/src/lib/libdwarfp/dwarf_pro_log_extra_flag_strings.c
ERROR  due to unknown string "minimum_instruction_lengty", line 195 /home/andrei/Desktop/libdwarf-0.5.0/src/lib/libdwarfp/dwarf_pro_log_extra_flag_strings.c
<end of output>
Test time =   0.00 sec
----------------------------------------------------------
Test Passed.
"selftestextrastring" end time: Dec 02 20:03 EET
"selftestextrastring" time elapsed: 00:00:00
----------------------------------------------------------

3/23 Testing: selftest_linkedtopath
3/23 Test: selftest_linkedtopath
Command: "/home/andrei/Desktop/libdwarf-0.5.0/test/selftest_linkedtopath"
Directory: /home/andrei/Desktop/libdwarf-0.5.0/test
"selftest_linkedtopath" start time: Dec 02 20:03 EET
Output:
----------------------------------------------------------
ERROR due to  trailing spaces before = in " =-1", line 231 /home/andrei/Desktop/libdwarf-0.5.0/src/lib/libdwarfp/dwarf_pro_log_extra_flag_strings.c
ERROR  due to unknown string "minimum_instruction_lengty", line 195 /home/andrei/Desktop/libdwarf-0.5.0/src/lib/libdwarfp/dwarf_pro_log_extra_flag_strings.c
<end of output>
Test time =   0.00 sec
----------------------------------------------------------
Test Passed.
"selftest_linkedtopath" end time: Dec 02 20:03 EET
"selftest_linkedtopath" time elapsed: 00:00:00
----------------------------------------------------------

4/23 Testing: selfgetopttest
4/23 Test: selfgetopttest
Command: "/home/andrei/Desktop/libdwarf-0.5.0/test/selfgetopttest"
Directory: /home/andrei/Desktop/libdwarf-0.5.0/test
"selfgetopttest" start time: Dec 02 20:03 EET
Output:
----------------------------------------------------------
argc: 1
argv[0] = /home/andrei/Desktop/libdwarf-0.5.0/test/selfgetopttest
PASS getopt ltest1
PASS getopt ltest2
PASS getopt test5
PASS getopt test1
PASS getopt test 2
PASS getopt test 3
ERROR: option requires an argument. -- 'H'
PASS getopt test6
PASS getopt test7
ERROR: invalid option -- 'x'
PASS getopt test8
ERROR: invalid long option '--bogusarg'
PASS getopt test9
ERROR: option '--simplelong' does not allow an argument
PASS getopt test10
PASS getopttest
<end of output>
Test time =   0.00 sec
----------------------------------------------------------
Test Passed.
"selfgetopttest" end time: Dec 02 20:03 EET
"selfgetopttest" time elapsed: 00:00:00
----------------------------------------------------------

5/23 Testing: selfmakename
5/23 Test: selfmakename
Command: "/home/andrei/Desktop/libdwarf-0.5.0/test/selfmakename"
Directory: /home/andrei/Desktop/libdwarf-0.5.0/test
"selfmakename" start time: Dec 02 20:03 EET
Output:
----------------------------------------------------------
PASS makename test
<end of output>
Test time =   0.00 sec
----------------------------------------------------------
Test Passed.
"selfmakename" end time: Dec 02 20:03 EET
"selfmakename" time elapsed: 00:00:00
----------------------------------------------------------

6/23 Testing: selfhelpertree
6/23 Test: selfhelpertree
Command: "/home/andrei/Desktop/libdwarf-0.5.0/test/selfhelpertree"
Directory: /home/andrei/Desktop/libdwarf-0.5.0/test
"selfhelpertree" start time: Dec 02 20:03 EET
Output:
----------------------------------------------------------
PASS helpertree
<end of output>
Test time =   0.00 sec
----------------------------------------------------------
Test Passed.
"selfhelpertree" end time: Dec 02 20:03 EET
"selfhelpertree" time elapsed: 00:00:00
----------------------------------------------------------

7/23 Testing: selfmacrocheck
7/23 Test: selfmacrocheck
Command: "/home/andrei/Desktop/libdwarf-0.5.0/test/selfmacrocheck"
Directory: /home/andrei/Desktop/libdwarf-0.5.0/test
"selfmacrocheck" start time: Dec 02 20:03 EET
Output:
----------------------------------------------------------
  Macro unit count test1: 1
  Macro Offsets start at 0x000000c8 and end at 0x000000c8
  Macro Offsets internal unused space: 0x00000000
  Macro Offsets total    unused space: 0x000007d0
  Macro unit count test 2: 2
  Macro Offsets start at 0x000000c8 and end at 0x000001c2
  Macro Offsets internal unused space: 0x00000032
  Macro Offsets total    unused space: 0x00000708

  Expect an ERROR about overlap with the end of section
  Macro unit count test 3: 3
  Macro Offsets start at 0x00000000 and end at 0x00000834
 ERROR: For offset 0x000007d0 2000 there is an overlap with the end of section 0x00000834 2100
  Macro Offsets internal unused space: 0x00000064
  Macro Offsets total    unused space: 0x00000064

  Expect an ERROR about offset 50 having 2 primaries
  and Expect an ERROR about offset 50 having 2
  primaries and a secondary
  and Expect an ERROR about crazy overlap 60

  Macro unit count test 4: 3

ERROR: For offset 0x00000032 50 there is a primary reference count of 0x00000002 2

ERROR: For offset 0x00000032 50 there is a nonzero primary count of 0x00000002 2 with a secondary count of 0x00000001 1
  Macro Offsets start at 0x00000032 and end at 0x000000c8
 ERROR: For offset 0x0000003c 60 there is a crazy overlap with the previous end offset of 0x00000064 100 (previous start offset of 0x00000032) 50
  Macro Offsets internal unused space: 0x00000082
  Macro Offsets total    unused space: 0x000007bc
PASS macrocheck selftest
<end of output>
Test time =   0.00 sec
----------------------------------------------------------
Test Passed.
"selfmacrocheck" end time: Dec 02 20:03 EET
"selfmacrocheck" time elapsed: 00:00:00
----------------------------------------------------------

8/23 Testing: selftestesb
8/23 Test: selftestesb
Command: "/home/andrei/Desktop/libdwarf-0.5.0/test/selftestesb"
Directory: /home/andrei/Desktop/libdwarf-0.5.0/test
"selftestesb" start time: Dec 02 20:03 EET
Output:
----------------------------------------------------------
PASS esb test
<end of output>
Test time =   0.00 sec
----------------------------------------------------------
Test Passed.
"selftestesb" end time: Dec 02 20:03 EET
"selftestesb" time elapsed: 00:00:00
----------------------------------------------------------

9/23 Testing: selftestsanitized
9/23 Test: selftestsanitized
Command: "/home/andrei/Desktop/libdwarf-0.5.0/test/selftestesb"
Directory: /home/andrei/Desktop/libdwarf-0.5.0/test
"selftestsanitized" start time: Dec 02 20:03 EET
Output:
----------------------------------------------------------
PASS esb test
<end of output>
Test time =   0.00 sec
----------------------------------------------------------
Test Passed.
"selftestsanitized" end time: Dec 02 20:03 EET
"selftestsanitized" time elapsed: 00:00:00
----------------------------------------------------------

10/23 Testing: selfsectionbitmaps
10/23 Test: selfsectionbitmaps
Command: "/home/andrei/Desktop/libdwarf-0.5.0/test/selfsectionbitmaps"
Directory: /home/andrei/Desktop/libdwarf-0.5.0/test
"selfsectionbitmaps" start time: Dec 02 20:03 EET
Output:
----------------------------------------------------------
PASS section maps
<end of output>
Test time =   0.00 sec
----------------------------------------------------------
Test Passed.
"selfsectionbitmaps" end time: Dec 02 20:03 EET
"selfsectionbitmaps" time elapsed: 00:00:00
----------------------------------------------------------

11/23 Testing: selfleb
11/23 Test: selfleb
Command: "/home/andrei/Desktop/libdwarf-0.5.0/test/selfleb"
Directory: /home/andrei/Desktop/libdwarf-0.5.0/test
"selfleb" start time: Dec 02 20:03 EET
Output:
----------------------------------------------------------
Signed val                      0 0x               0 (line 170) encode len  1: 00
Signed val                    255 0x              ff (line 170) encode len  2: ff01
Signed val   -9223372036854775761 0x800000000000002f (line 170) encode len 10: af80808080808080807f
Signed val   -9223372036854775745 0x800000000000003f (line 170) encode len 10: bf80808080808080807f
Signed val   -9223372036854775729 0x800000000000004f (line 170) encode len 10: cf80808080808080807f
Signed val   -9223372036854775696 0x8000000000000070 (line 170) encode len 10: f080808080808080807f
Signed val   -9223372036854775681 0x800000000000007f (line 170) encode len 10: ff80808080808080807f
Signed val   -9223372036854775680 0x8000000000000080 (line 170) encode len 10: 8081808080808080807f
Signed val   -9223372036854775808 0x8000000000000000 (line 170) encode len 10: 8080808080808080807f
Signed val   -9223370937343148033 0x800000ffffffffff (line 170) encode len 10: ffffffffff9f8080807f
Signed val   -9223372032559808513 0x80000000ffffffff (line 170) encode len 10: ffffffff8f808080807f
Signed val   -9223370937343148033 0x800000ffffffffff (line 170) encode len 10: ffffffffff9f8080807f
Signed val   -9223090561878065153 0x8000ffffffffffff (line 170) encode len 10: ffffffffffffbf80807f
Signed val                     -1 0xffffffffffffffff (line 170) encode len  1: 7f
Signed val               -1703944 0xffffffffffe5fff8 (line 170) encode len  4: f8ff977f
Signed val        562949951588368 0x   1ffffffe40810 (line 170) encode len  8: 909090ffffffff00
Signed val                     -1 0xffffffffffffffff (line 170) encode len  1: 7f
Signed val                   -127 0xffffffffffffff81 (line 170) encode len  2: 817f
Signed val                -100000 0xfffffffffffe7960 (line 170) encode len  3: e0f279
Signed val            -2000000000 0xffffffff88ca6c00 (line 170) encode len  5: 80d8a9c678
Signed val            -4000000000 0xffffffff1194d800 (line 170) encode len  5: 80b0d38c71
Signed val            -8000000000 0xfffffffe2329b000 (line 170) encode len  5: 80e0a69962
Signed val          -800000000000 0xffffff45bc48c000 (line 170) encode len  6: 8080a3e2db68
Signed val   -9223372036854775807 0x8000000000000001 (line 170) encode len 10: 8180808080808080807f
Signed val   -4611686018427387904 0xc000000000000000 (line 170) encode len  9: 808080808080808040
Unsigned val                    0 0x               0 (line 266) encode len  1: 00
Unsigned val                  255 0x              ff (line 266) encode len  2: ff01
Unsigned val                  127 0x              7f (line 266) encode len  1: 7f
Unsigned val                  128 0x              80 (line 266) encode len  2: 8001
Unsigned val  9223372036854775855 0x800000000000002f (line 266) encode len 10: af808080808080808001
Unsigned val  9223372036854775871 0x800000000000003f (line 266) encode len 10: bf808080808080808001
Unsigned val  9223372036854775887 0x800000000000004f (line 266) encode len 10: cf808080808080808001
Unsigned val  9223372036854775920 0x8000000000000070 (line 266) encode len 10: f0808080808080808001
Unsigned val  9223372036854775935 0x800000000000007f (line 266) encode len 10: ff808080808080808001
Unsigned val  9223372036854775936 0x8000000000000080 (line 266) encode len 10: 80818080808080808001
Unsigned val  9223373136366403583 0x800000ffffffffff (line 266) encode len 10: ffffffffff9f80808001
Unsigned val  9223372041149743103 0x80000000ffffffff (line 266) encode len 10: ffffffff8f8080808001
Unsigned val  9223373136366403583 0x800000ffffffffff (line 266) encode len 10: ffffffffff9f80808001
Unsigned val  9223653511831486463 0x8000ffffffffffff (line 266) encode len 10: ffffffffffffbf808001
Unsigned val  9223372036854775808 0x8000000000000000 (line 266) encode len 10: 80808080808080808001
Unsigned val 18446744073707847672 0xffffffffffe5fff8 (line 266) encode len 10: f8ff97ffffffffffff01
Unsigned val      562949951588368 0x   1ffffffe40810 (line 266) encode len  7: 909090ffffff7f
Unsigned val                65535 0x            ffff (line 266) encode len  3: ffff03
Unsigned val             16777215 0x          ffffff (line 266) encode len  4: ffffff07
Unsigned val           4294967295 0x        ffffffff (line 266) encode len  5: ffffffff0f
Unsigned val        1099511627775 0x      ffffffffff (line 266) encode len  6: ffffffffff1f
Unsigned val      281474976710655 0x    ffffffffffff (line 266) encode len  7: ffffffffffff3f
Unsigned val    72057594037927935 0x  ffffffffffffff (line 266) encode len  8: ffffffffffffff7f
Unsigned val 18446744073709551615 0xffffffffffffffff (line 266) encode len 10: ffffffffffffffffff01
Unsigned val  4539628424389460095 0x3f0000000000007f (line 757) encode len  9: ff808080808080803f
Unsigned val  9151314442816847999 0x7f0000000000007f (line 781) encode len  9: ff808080808080807f
Unsigned val 18374686479671623807 0xff0000000000007f (line 806) encode len 10: ff80808080808080ff01
Unsigned val 18374686479671623807 0xff0000000000007f (line 833) encode len 10: ff80808080808080ff03
Signed val     -72057594037927809 0xff0000000000007f (line 858) encode len 10: ff80808080808080ff40
Signed val     -72057594037927809 0xff0000000000007f (line 886) encode len 10: ff80808080808080ff40
Signed val     -72057594037927809 0xff0000000000007f (line 913) encode len 10: ff80808080808080ff43
PASS leb tests
<end of output>
Test time =   0.00 sec
----------------------------------------------------------
Test Passed.
"selfleb" end time: Dec 02 20:03 EET
"selfleb" time elapsed: 00:00:00
----------------------------------------------------------

12/23 Testing: selftied
12/23 Test: selftied
Command: "/home/andrei/Desktop/libdwarf-0.5.0/test/selftied"
Directory: /home/andrei/Desktop/libdwarf-0.5.0/test
"selftied" start time: Dec 02 20:03 EET
Output:
----------------------------------------------------------
PASS tsearch works for Dwarf_Tied_Entry_s.
<end of output>
Test time =   0.00 sec
----------------------------------------------------------
Test Passed.
"selftied" end time: Dec 02 20:03 EET
"selftied" time elapsed: 00:00:00
----------------------------------------------------------

13/23 Testing: selftestnames
13/23 Test: selftestnames
Command: "/home/andrei/Desktop/libdwarf-0.5.0/test/selftestnames"
Directory: /home/andrei/Desktop/libdwarf-0.5.0/test
"selftestnames" start time: Dec 02 20:03 EET
Output:
----------------------------------------------------------
<end of output>
Test time =   0.00 sec
----------------------------------------------------------
Test Passed.
"selftestnames" end time: Dec 02 20:03 EET
"selftestnames" time elapsed: 00:00:00
----------------------------------------------------------

14/23 Testing: selfjitreader
14/23 Test: selfjitreader
Command: "/usr/bin/sh" "-c" "/home/andrei/Desktop/libdwarf-0.5.0/test/test_jitreaderdiff.sh /home/andrei/Desktop/libdwarf-0.5.0"
Directory: /home/andrei/Desktop/libdwarf-0.5.0/test
"selfjitreader" start time: Dec 02 20:03 EET
Output:
----------------------------------------------------------
Argument count: 1
DWTOPSRCDIR from arg /home/andrei/Desktop/libdwarf-0.5.0
set top_srcdir from DWTOPSRCDIR: /home/andrei/Desktop/libdwarf-0.5.0
TOP topsrc  : /home/andrei/Desktop/libdwarf-0.5.0
TOP topbld  : /home/andrei/Desktop/libdwarf-0.5.0/test/..
TOP localsrc: /home/andrei/Desktop/libdwarf-0.5.0/test
Running: /home/andrei/Desktop/libdwarf-0.5.0/test/../src/bin/dwarfexample/jitreader with env var DWTOPSRCDIR: /home/andrei/Desktop/libdwarf-0.5.0
CU header length..........0x60
Version stamp.............2
Address size .............8
Offset size...............4
Next cu header offset.....0x64
  0:  Die: DW_TAG_compile_unit
  [ 0] Attr: DW_AT_producer   Form: DW_FORM_strp    GNU C17 9.3.0 -mtune=generic -march=x86-64 -gdwarf-2 -O0 -fasynchronous-unwind-tables -fstack-protector-strong -fstack-clash-protection -fcf-protection
  [ 1] Attr: DW_AT_language   Form: DW_FORM_data1  
  [ 2] Attr: DW_AT_name       Form: DW_FORM_string  t.c
  [ 3] Attr: DW_AT_comp_dir   Form: DW_FORM_strp    GNU C17 9.3.0 -mtune=generic -march=x86-64 -gdwarf-2 -O0 -fasynchronous-unwind-tables -fstack-protector-strong -fstack-clash-protection -fcf-protection
  [ 4] Attr: DW_AT_low_pc     Form: DW_FORM_addr   
  [ 5] Attr: DW_AT_high_pc    Form: DW_FORM_addr   
  [ 6] Attr: DW_AT_stmt_list  Form: DW_FORM_data4  
Running: python3 /home/andrei/Desktop/libdwarf-0.5.0/test/test_dwdiff.py /home/andrei/Desktop/libdwarf-0.5.0/test/jitreader.base /home/andrei/Desktop/libdwarf-0.5.0/test/../test/junk.jitreader.new
<end of output>
Test time =   0.04 sec
----------------------------------------------------------
Test Passed.
"selfjitreader" end time: Dec 02 20:03 EET
"selfjitreader" time elapsed: 00:00:00
----------------------------------------------------------

15/23 Testing: selferrmsglist
15/23 Test: selferrmsglist
Command: "/home/andrei/Desktop/libdwarf-0.5.0/test/selferrmsglist" "-f" "/home/andrei/Desktop/libdwarf-0.5.0"
Directory: /home/andrei/Desktop/libdwarf-0.5.0/test
"selferrmsglist" start time: Dec 02 20:03 EET
Output:
----------------------------------------------------------
Longest string length   110
Longest string linenum  590
Length of quoted areas  25299
Length of static array  54723
Expected length array   54723
Sizeof() static array   54723
<end of output>
Test time =   0.01 sec
----------------------------------------------------------
Test Passed.
"selferrmsglist" end time: Dec 02 20:03 EET
"selferrmsglist" time elapsed: 00:00:00
----------------------------------------------------------

16/23 Testing: selfcanonical
16/23 Test: selfcanonical
Command: "/home/andrei/Desktop/libdwarf-0.5.0/test/selfcanonical"
Directory: /home/andrei/Desktop/libdwarf-0.5.0/test
"selfcanonical" start time: Dec 02 20:03 EET
Output:
----------------------------------------------------------
Entry test_canonical_append
PASS 0
PASS 1
PASS 2
PASS 3
PASS 4
PASS 5
PASS 6
PASS 7
PASS 8
PASS canonical path tests
<end of output>
Test time =   0.00 sec
----------------------------------------------------------
Test Passed.
"selfcanonical" end time: Dec 02 20:03 EET
"selfcanonical" time elapsed: 00:00:00
----------------------------------------------------------

17/23 Testing: selfteststrcpy
17/23 Test: selfteststrcpy
Command: "/home/andrei/Desktop/libdwarf-0.5.0/test/selfteststrcpy"
Directory: /home/andrei/Desktop/libdwarf-0.5.0/test
"selfteststrcpy" start time: Dec 02 20:03 EET
Output:
----------------------------------------------------------
Entry test_safe_strcpy
PASS dwarf_safe_strcpy tests
<end of output>
Test time =   0.00 sec
----------------------------------------------------------
Test Passed.
"selfteststrcpy" end time: Dec 02 20:03 EET
"selfteststrcpy" time elapsed: 00:00:00
----------------------------------------------------------

18/23 Testing: selfregex
18/23 Test: selfregex
Command: "/home/andrei/Desktop/libdwarf-0.5.0/test/selfregex"
Directory: /home/andrei/Desktop/libdwarf-0.5.0/test
"selfregex" start time: Dec 02 20:03 EET
Output:
----------------------------------------------------------
Test u.leb local_dwarf_decode_u expect=DW_DLV_OK expect=DW_DLV_NO_ENTRY line 70
Test u.*leb local_dwarf_decode_u expect=DW_DLV_OK expect=DW_DLV_NO_ENTRY line 72
Test x+ x expect=DW_DLV_OK expect=DW_DLV_OK line 73
Test x* x expect=DW_DLV_OK expect=DW_DLV_OK line 74
Test x+ xx expect=DW_DLV_OK expect=DW_DLV_OK line 75
Test [fx]*j[0-9] yxxffi123a expect=DW_DLV_OK expect=DW_DLV_NO_ENTRY line 77
Test [fx]*[0-9] yxxffi123a expect=DW_DLV_OK expect=DW_DLV_NO_ENTRY line 79
Test sim simple expect=DW_DLV_OK expect=DW_DLV_OK line 80
Test simple sim expect=DW_DLV_OK expect=DW_DLV_NO_ENTRY line 81
Test sim sim expect=DW_DLV_OK expect=DW_DLV_OK line 82
Test ^X.*k$ X12345k expect=DW_DLV_OK expect=DW_DLV_OK line 83
Test X*Y+ijk yxxffi123a expect=DW_DLV_OK expect=DW_DLV_NO_ENTRY line 84
Test [fx]+i[^0-9a-eA-E]* yxxffiKM expect=DW_DLV_OK expect=DW_DLV_OK line 86
Test [fx]+i[^0-9]* yxxffixyza expect=DW_DLV_OK expect=DW_DLV_OK line 87
Test [fx]*[0-9] yxxff123a expect=DW_DLV_OK expect=DW_DLV_OK line 88
Test [fx]*[0-9]+ yxxffi123a expect=DW_DLV_OK expect=DW_DLV_NO_ENTRY line 90
Test [fx][0-9] yxxffi123a expect=DW_DLV_OK expect=DW_DLV_NO_ENTRY line 92
Test [fx]+[0-9] yxxffi123a expect=DW_DLV_OK expect=DW_DLV_NO_ENTRY line 94
Test [fx]+i[0-9]* yxxffi123a expect=DW_DLV_OK expect=DW_DLV_OK line 95
Test u.*leb local_dwarf_decode_u_leb128 expect=DW_DLV_OK expect=DW_DLV_OK line 97
Test u.*leb uleblen expect=DW_DLV_OK expect=DW_DLV_OK line 98
Test u.leb local_dwarf_decode_u_leb128 expect=DW_DLV_OK expect=DW_DLV_OK line 100
Test uleb uleblen expect=DW_DLV_OK expect=DW_DLV_OK line 101
Test .* abc expect=DW_DLV_OK expect=DW_DLV_OK line 103
Test abc ab expect=DW_DLV_OK expect=DW_DLV_NO_ENTRY line 104
Test a[^xy]j ab expect=DW_DLV_OK expect=DW_DLV_NO_ENTRY line 105
Test a[^xy]j abj expect=DW_DLV_OK expect=DW_DLV_OK line 106
Test a[xy]j ab expect=DW_DLV_OK expect=DW_DLV_NO_ENTRY line 107
Test a[xy]j ayj expect=DW_DLV_OK expect=DW_DLV_OK line 108
Test a[xy]j afj expect=DW_DLV_OK expect=DW_DLV_NO_ENTRY line 110
Test a[xyj afj expect=DW_DLV_ERROR expect=DW_DLV_ERROR line 111
Regular expression a[xyj missing ]
Test axy]j abc expect=DW_DLV_OK expect=DW_DLV_NO_ENTRY line 115
Test axy]j axy]j expect=DW_DLV_OK expect=DW_DLV_OK line 116
Test xy] axy]j expect=DW_DLV_OK expect=DW_DLV_OK line 117
Test +x x expect=DW_DLV_ERROR expect=DW_DLV_ERROR line 118
Regular expression +x has empty * +  Closure
Test x+ x expect=DW_DLV_OK expect=DW_DLV_OK line 119
Test ^ax yaxfoo expect=DW_DLV_OK expect=DW_DLV_NO_ENTRY line 120
Test ^ax axfoob expect=DW_DLV_OK expect=DW_DLV_OK line 121
Null expression or string. Considered pass.
Test  axfoob expect=DW_DLV_NO_ENTRY expect=DW_DLV_OK line 123
Empty or NULL not a valid regular expression
Test + axfoob expect=DW_DLV_ERROR expect=DW_DLV_NO_ENTRY line 124
Regular expression + has empty * +  Closure
Test (+ axfoob expect=DW_DLV_OK expect=DW_DLV_NO_ENTRY line 125
Test (+ (( expect=DW_DLV_OK expect=DW_DLV_OK line 126
Test (+) x((() expect=DW_DLV_OK expect=DW_DLV_OK line 127
Test yy+( yyy( expect=DW_DLV_OK expect=DW_DLV_OK line 128
Test [fx]+i[0-9]* yxxffi123 expect=DW_DLV_OK expect=DW_DLV_OK line 129
Test a\(\(\(\(\(\(\(\(\(\(\(\(\(\(\(\(\(\(\(\())))))))))))))))))))) yxxffi123 expect=DW_DLV_OK expect=DW_DLV_NO_ENTRY line 132
Test [fx]+[0-9]*a yxxff123a expect=DW_DLV_OK expect=DW_DLV_OK line 134
Test [fx]+i[0-9]* yxxffi123a expect=DW_DLV_OK expect=DW_DLV_OK line 135
Test [fx]+ yxxffi123a expect=DW_DLV_OK expect=DW_DLV_OK line 137
Test [fx]+i[0-9]+ yxxffi123 expect=DW_DLV_OK expect=DW_DLV_OK line 138
Test a[fx]+b[cd] afffbdddy expect=DW_DLV_OK expect=DW_DLV_OK line 139
Test a[fx]+b[cd] afffdddy expect=DW_DLV_OK expect=DW_DLV_NO_ENTRY line 141
PASS  test_regex
<end of output>
Test time =   0.00 sec
----------------------------------------------------------
Test Passed.
"selfregex" end time: Dec 02 20:03 EET
"selfregex" time elapsed: 00:00:00
----------------------------------------------------------

19/23 Testing: selfdwarfdumppe
19/23 Test: selfdwarfdumppe
Command: "/usr/bin/python3" "/home/andrei/Desktop/libdwarf-0.5.0/test/test_dwarfdump.py" "PE" "cmake" "/home/andrei/Desktop/libdwarf-0.5.0" "/home/andrei/Desktop/libdwarf-0.5.0"
Directory: /home/andrei/Desktop/libdwarf-0.5.0/test
"selfdwarfdumppe" start time: Dec 02 20:03 EET
Output:
----------------------------------------------------------
Running dwarfdump test
Testdata objtype        : PE
Testdata build system   : cmake
Testdata source base dir: /home/andrei/Desktop/libdwarf-0.5.0
Testdata build base dir : /home/andrei/Desktop/libdwarf-0.5.0
Testdata  working dir   : /home/andrei/Desktop/libdwarf-0.5.0/test
Test baseline           : testobjLE32PE.base
Test object             : testobjLE32PE.exe
Test output             : junk.PE.new
Test dd options         : ['-a', '-vvv']
Extract  700 from dwarfdump output
Run: /home/andrei/Desktop/libdwarf-0.5.0/src/bin/dwarfdump/dwarfdump -a -vvv /home/andrei/Desktop/libdwarf-0.5.0/test/testobjLE32PE.exe
PASS PE
<end of output>
Test time =   0.05 sec
----------------------------------------------------------
Test Passed.
"selfdwarfdumppe" end time: Dec 02 20:03 EET
"selfdwarfdumppe" time elapsed: 00:00:00
----------------------------------------------------------

20/23 Testing: selfdwarfdumpelf
20/23 Test: selfdwarfdumpelf
Command: "/usr/bin/python3" "/home/andrei/Desktop/libdwarf-0.5.0/test/test_dwarfdump.py" "Elf" "cmake" "/home/andrei/Desktop/libdwarf-0.5.0" "/home/andrei/Desktop/libdwarf-0.5.0"
Directory: /home/andrei/Desktop/libdwarf-0.5.0/test
"selfdwarfdumpelf" start time: Dec 02 20:03 EET
Output:
----------------------------------------------------------
Running dwarfdump test
Testdata objtype        : Elf
Testdata build system   : cmake
Testdata source base dir: /home/andrei/Desktop/libdwarf-0.5.0
Testdata build base dir : /home/andrei/Desktop/libdwarf-0.5.0
Testdata  working dir   : /home/andrei/Desktop/libdwarf-0.5.0/test
Test baseline           : testuriLE64ELf.base
Test object             : testuriLE64ELf.obj
Test output             : junk.LE64ELf.new
Test dd options         : ['-a', '-vvv']
Extract  700 from dwarfdump output
Run: /home/andrei/Desktop/libdwarf-0.5.0/src/bin/dwarfdump/dwarfdump -a -vvv /home/andrei/Desktop/libdwarf-0.5.0/test/testuriLE64ELf.obj
PASS Elf
<end of output>
Test time =   0.03 sec
----------------------------------------------------------
Test Passed.
"selfdwarfdumpelf" end time: Dec 02 20:03 EET
"selfdwarfdumpelf" time elapsed: 00:00:00
----------------------------------------------------------

21/23 Testing: selfdwarfdumpmacho
21/23 Test: selfdwarfdumpmacho
Command: "/usr/bin/python3" "/home/andrei/Desktop/libdwarf-0.5.0/test/test_dwarfdump.py" "Macos" "cmake" "/home/andrei/Desktop/libdwarf-0.5.0" "/home/andrei/Desktop/libdwarf-0.5.0"
Directory: /home/andrei/Desktop/libdwarf-0.5.0/test
"selfdwarfdumpmacho" start time: Dec 02 20:03 EET
Output:
----------------------------------------------------------
Running dwarfdump test
Testdata objtype        : Macos
Testdata build system   : cmake
Testdata source base dir: /home/andrei/Desktop/libdwarf-0.5.0
Testdata build base dir : /home/andrei/Desktop/libdwarf-0.5.0
Testdata  working dir   : /home/andrei/Desktop/libdwarf-0.5.0/test
Test baseline           : test-mach-o-32.base
Test object             : test-mach-o-32.dSYM
Test output             : junk.mach-o.new
Test dd options         : ['-a', '-vvv']
Extract  700 from dwarfdump output
Run: /home/andrei/Desktop/libdwarf-0.5.0/src/bin/dwarfdump/dwarfdump -a -vvv /home/andrei/Desktop/libdwarf-0.5.0/test/test-mach-o-32.dSYM
PASS Macos
<end of output>
Test time =   0.05 sec
----------------------------------------------------------
Test Passed.
"selfdwarfdumpmacho" end time: Dec 02 20:03 EET
"selfdwarfdumpmacho" time elapsed: 00:00:00
----------------------------------------------------------

22/23 Testing: selfdebuglinka
22/23 Test: selfdebuglinka
Command: "/usr/bin/sh" "-c" "/home/andrei/Desktop/libdwarf-0.5.0/test/test_debuglink-a.sh /home/andrei/Desktop/libdwarf-0.5.0"
Directory: /home/andrei/Desktop/libdwarf-0.5.0/test
"selfdebuglinka" start time: Dec 02 20:03 EET
Output:
----------------------------------------------------------
Argument count: 1
DWARF_BIGENDIAN=
TOP topsrc  : /home/andrei/Desktop/libdwarf-0.5.0
TOP topbld  : /home/andrei/Desktop/libdwarf-0.5.0/test/..
TOP localsrc: /home/andrei/Desktop/libdwarf-0.5.0/test
test_debuglink-a.sh 
Run: /home/andrei/Desktop/libdwarf-0.5.0/test/../src/bin/dwarfexample/dwdebuglink --add-debuglink-path=/exam/ple --add-debuglink-path=/tmp/phony /home/andrei/Desktop/libdwarf-0.5.0/test/dummyexecutable 
To update test_debuglink-a.sh baseline:
mv /home/andrei/Desktop/libdwarf-0.5.0/test/../junk.dlinkaa /home/andrei/Desktop/libdwarf-0.5.0/test/debuglink.base
<end of output>
Test time =   0.05 sec
----------------------------------------------------------
Test Passed.
"selfdebuglinka" end time: Dec 02 20:03 EET
"selfdebuglinka" time elapsed: 00:00:00
----------------------------------------------------------

23/23 Testing: selfdebuglinkb
23/23 Test: selfdebuglinkb
Command: "/usr/bin/sh" "-c" "/home/andrei/Desktop/libdwarf-0.5.0/test/test_debuglink-b.sh /home/andrei/Desktop/libdwarf-0.5.0"
Directory: /home/andrei/Desktop/libdwarf-0.5.0/test
"selfdebuglinkb" start time: Dec 02 20:03 EET
Output:
----------------------------------------------------------
Argument count: 1
TOP topsrc  : /home/andrei/Desktop/libdwarf-0.5.0
TOP topbld  : /home/andrei/Desktop/libdwarf-0.5.0/test/..
TOP localsrc: /home/andrei/Desktop/libdwarf-0.5.0/test
test_debuglink-b.sh test2
Run: /home/andrei/Desktop/libdwarf-0.5.0/test/../src/bin/dwarfexample/dwdebuglink  --no-follow-debuglink --add-debuglink-path=/exam/ple --add-debuglink-path=/tmp/phony /home/andrei/Desktop/libdwarf-0.5.0/test/dummyexecutable 
To update test_debuglink-b.sh  baseline:
 mv /home/andrei/Desktop/libdwarf-0.5.0/test/../test/junk.dlinkbc /home/andrei/Desktop/libdwarf-0.5.0/test/debuglink2.base
<end of output>
Test time =   0.05 sec
----------------------------------------------------------
Test Passed.
"selfdebuglinkb" end time: Dec 02 20:03 EET
"selfdebuglinkb" time elapsed: 00:00:00
----------------------------------------------------------

End testing: Dec 02 20:03 EET
